2025-11-04 15:35:16,287 [INFO] Starting enhanced scraping for 20 LinkedIn profiles
2025-11-04 15:35:16,288 [INFO] ====== WebDriver manager ======
2025-11-04 15:35:18,337 [INFO] Get LATEST chromedriver version for google-chrome
2025-11-04 15:35:19,017 [INFO] Get LATEST chromedriver version for google-chrome
2025-11-04 15:35:19,672 [INFO] Driver [C:\Users\Admin\.wdm\drivers\chromedriver\win64\142.0.7444.59\chromedriver-win32/chromedriver.exe] found in cache
2025-11-04 15:35:21,819 [INFO] Opening LinkedIn login page. Please sign in manually.
2025-11-04 15:36:39,586 [INFO] Login verification successful!
2025-11-04 15:36:39,586 [INFO] [1/20] Processing: https://www.linkedin.com/in/gaganmahajan3/
2025-11-04 15:36:51,922 [INFO] \u2705 Scraped: Gagan Mahajan | Director - Product @ Meesho | Ads & Monetisation |...
2025-11-04 15:36:54,126 [INFO] [2/20] Processing: https://www.linkedin.com/in/vidhisharma-
2025-11-04 15:37:04,020 [INFO] \u2705 Scraped: vidhi sharma | Data Analyst| Go-Getter...
2025-11-04 15:37:06,392 [INFO] [3/20] Processing: https://www.linkedin.com/in/vishnu-datta-229b8497/
2025-11-04 15:37:19,473 [INFO] \u2705 Scraped: Vishnu Datta | Product at Meesho...
2025-11-04 15:37:21,475 [INFO] [4/20] Processing: https://in.linkedin.com/in/powerfist01
2025-11-04 15:37:35,935 [INFO] \u2705 Scraped: Sujeet Singh | Senior Software Developer | Full Stack Developer...
2025-11-04 15:37:38,681 [INFO] [5/20] Processing: https://in.linkedin.com/in/mjmadhu
2025-11-04 15:37:50,216 [INFO] \u2705 Scraped: Madhuri Jain | Senior Software Engineer @ Microsoft (Full Stack D...
2025-11-04 15:37:53,508 [INFO] [6/20] Processing: https://in.linkedin.com/in/ritesh-kumar-sinha-897735101
2025-11-04 15:38:06,222 [INFO] \u2705 Scraped: Ritesh Kumar Sinha | Software Developer at W3 SaaS Technologies Ltd....
2025-11-04 15:38:09,634 [INFO] [7/20] Processing: https://in.linkedin.com/in/abhishree-sharma-63090814a
2025-11-04 15:38:23,619 [INFO] \u2705 Scraped: Abhishree Sharma | Software Developer @ India Software Labs | Bachelo...
2025-11-04 15:38:26,276 [INFO] [8/20] Processing: https://in.linkedin.com/in/shivam-garg-676686217
2025-11-04 15:38:36,923 [INFO] \u2705 Scraped: Shivam Garg | Research Engineer (C\\u200bC++ Developer) @LG| Android ...
2025-11-04 15:38:39,709 [INFO] [9/20] Processing: https://in.linkedin.com/in/thevipulvats
2025-11-04 15:38:52,306 [INFO] \u2705 Scraped: Vipul Tyagi | Senior Software Developer at TOI...
2025-11-04 15:38:56,288 [INFO] [10/20] Processing: https://in.linkedin.com/in/developerrahul
2025-11-04 15:39:08,596 [INFO] \u2705 Scraped: Rahul Sahni | Full Stack Developer | Computer Science Graduate...
2025-11-04 15:39:11,043 [INFO] [11/20] Processing: https://in.linkedin.com/in/rajendrasingh9554043123
2025-11-04 15:39:24,820 [INFO] \u2705 Scraped: Rajendra Singh Raghuvanshi | Software Developer at MAT India Technologies Priva...
2025-11-04 15:39:27,453 [INFO] [12/20] Processing: https://in.linkedin.com/in/rahsin11
2025-11-04 15:39:41,416 [INFO] \u2705 Scraped: Rahul Singh | Backend Developer | India Systems Development Labs...
2025-11-04 15:39:43,658 [INFO] [13/20] Processing: https://in.linkedin.com/in/saurabh-patel-41269a14b
2025-11-04 15:39:56,239 [INFO] \u2705 Scraped: Saurabh Patel | Software Developer @ Grey Chain AI | IIIT Kalyani...
2025-11-04 15:40:00,124 [INFO] [14/20] Processing: https://in.linkedin.com/in/orendrasingh
2025-11-04 15:40:14,036 [INFO] \u2705 Scraped: Orendra Singh | Full Stack Developer at Software Freedom Law Centr...
2025-11-04 15:40:16,822 [INFO] [15/20] Processing: https://in.linkedin.com/in/jaskaran-singh-9b3937169
2025-11-04 15:40:29,159 [INFO] \u2705 Scraped: Jaskaran Singh | SDE-2 Livspace | Ex Software Developer at India To...
2025-11-04 15:40:31,748 [INFO] [16/20] Processing: https://in.linkedin.com/in/lakhvir-singh-3158291b3
2025-11-04 15:40:44,995 [INFO] \u2705 Scraped: LAKHVIR Singh | Sr. Application Developer @Accenture india...
2025-11-04 15:40:48,449 [INFO] [17/20] Processing: https://in.linkedin.com/in/shanu-mittal-ba4083104
2025-11-04 15:41:00,998 [INFO] \u2705 Scraped: Shanu Mittal | Senior Developer at TV Today (India Today || Aaj T...
2025-11-04 15:41:03,765 [INFO] [18/20] Processing: https://in.linkedin.com/in/pushpraj-patel-4006ba18a
2025-11-04 15:41:17,682 [INFO] \u2705 Scraped: Pushpraj Patel | Innovative Software Developer at Honebi Commerce P...
2025-11-04 15:41:19,942 [INFO] [19/20] Processing: https://in.linkedin.com/in/kannan-india-32359a14a
2025-11-04 15:41:33,713 [INFO] \u2705 Scraped: Kannan India | Software developer...
2025-11-04 15:41:37,585 [INFO] [20/20] Processing: https://in.linkedin.com/in/pankaj-patel-770647200
2025-11-04 15:41:50,231 [INFO] \u2705 Scraped: pankaj patel | Software developer, @Procurant It India Pvt ltd.  ...
2025-11-04 15:41:56,702 [INFO] \U0001f4ca Scraping completed!
2025-11-04 15:41:56,702 [INFO]    Total profiles: 20
2025-11-04 15:41:56,703 [INFO]    Successful: 20
2025-11-04 15:41:56,703 [INFO]    Failed: 0
2025-11-04 15:41:56,703 [INFO]    Results saved to: outputs\improved_profiles.csv
2025-11-04 15:51:19,748 [INFO] Starting enhanced scraping for 20 LinkedIn profiles
2025-11-04 15:51:19,749 [INFO] \U0001f4c4 Results will be saved incrementally to: outputs\improved_profiles.csv
2025-11-04 15:51:19,750 [INFO] ====== WebDriver manager ======
2025-11-04 15:51:21,574 [INFO] Get LATEST chromedriver version for google-chrome
2025-11-04 15:51:22,410 [INFO] Get LATEST chromedriver version for google-chrome
2025-11-04 15:51:23,179 [INFO] Driver [C:\Users\Admin\.wdm\drivers\chromedriver\win64\142.0.7444.59\chromedriver-win32/chromedriver.exe] found in cache
2025-11-04 15:51:24,484 [INFO] Opening LinkedIn login page. Please sign in manually.
2025-11-04 15:52:09,891 [INFO] Login verification successful!
2025-11-04 15:52:09,892 [INFO] [1/20] Processing: https://in.linkedin.com/in/jaskaran-singh-9b3937169
2025-11-04 15:52:21,343 [INFO] \U0001f50d Attempting comprehensive about extraction...
2025-11-04 15:52:21,345 [INFO]    \u2705 Found #about element
2025-11-04 15:52:21,347 [INFO]    \u2705 Found about content via ID strategy 1
2025-11-04 15:52:21,983 [INFO] \U0001f4dd Created new CSV file: outputs\improved_profiles.csv
2025-11-04 15:52:21,983 [INFO] \U0001f4be Saved data for: Jaskaran Singh to CSV
2025-11-04 15:52:21,983 [INFO] \u2705 Scraped & Saved: Jaskaran Singh | SDE-2 Livspace | Ex Software Developer at India To...
2025-11-04 15:52:25,035 [INFO] [2/20] Processing: https://in.linkedin.com/in/lakhvir-singh-3158291b3
2025-11-04 15:52:38,377 [INFO] \U0001f50d Attempting comprehensive about extraction...
2025-11-04 15:52:38,378 [INFO]    \u2705 Found #about element
2025-11-04 15:52:38,379 [INFO]    \u2705 Found about content via ID strategy 1
2025-11-04 15:52:38,866 [INFO] \U0001f4be Saved data for: LAKHVIR Singh to CSV
2025-11-04 15:52:38,866 [INFO] \u2705 Scraped & Saved: LAKHVIR Singh | Sr. Application Developer @Accenture india...
2025-11-04 15:52:42,669 [INFO] [3/20] Processing: https://in.linkedin.com/in/shanu-mittal-ba4083104
2025-11-04 15:52:54,483 [INFO] \U0001f50d Attempting comprehensive about extraction...
2025-11-04 15:52:54,485 [INFO]    \u2705 Found #about element
2025-11-04 15:52:54,487 [INFO]    \u2705 Found about content via ID strategy 1
2025-11-04 15:52:55,045 [INFO] \U0001f4be Saved data for: Shanu Mittal to CSV
2025-11-04 15:52:55,045 [INFO] \u2705 Scraped & Saved: Shanu Mittal | Senior Developer at TV Today (India Today || Aaj T...
2025-11-04 15:52:58,367 [INFO] [4/20] Processing: https://in.linkedin.com/in/pushpraj-patel-4006ba18a
2025-11-04 15:53:10,498 [INFO] \U0001f50d Attempting comprehensive about extraction...
2025-11-04 15:53:10,501 [INFO]    \u2705 Found #about element
2025-11-04 15:53:10,501 [INFO]    \u2705 Found about content via ID strategy 1
2025-11-04 15:53:11,021 [INFO] \U0001f4be Saved data for: Pushpraj Patel to CSV
2025-11-04 15:53:11,022 [INFO] \u2705 Scraped & Saved: Pushpraj Patel | Innovative Software Developer at Honebi Commerce P...
2025-11-04 15:53:14,285 [INFO] [5/20] Processing: https://in.linkedin.com/in/kannan-india-32359a14a
2025-11-04 16:00:55,246 [INFO] Starting enhanced scraping for 20 LinkedIn profiles
2025-11-04 16:00:55,247 [INFO] \U0001f4c4 Results will be saved incrementally to: outputs\improved_profiles.csv
2025-11-04 16:00:55,247 [INFO] ====== WebDriver manager ======
2025-11-04 16:00:56,878 [INFO] Get LATEST chromedriver version for google-chrome
2025-11-04 16:00:57,477 [INFO] Get LATEST chromedriver version for google-chrome
2025-11-04 16:00:58,008 [INFO] Driver [C:\Users\Admin\.wdm\drivers\chromedriver\win64\142.0.7444.59\chromedriver-win32/chromedriver.exe] found in cache
2025-11-04 16:00:59,554 [INFO] Opening LinkedIn login page. Please sign in manually.
2025-11-04 16:01:39,941 [INFO] Login verification successful!
2025-11-04 16:01:39,942 [INFO] [1/20] Processing: https://in.linkedin.com/in/jaskaran-singh-9b3937169
2025-11-04 16:01:54,118 [INFO] \U0001f50d Attempting comprehensive about extraction...
2025-11-04 16:01:54,121 [INFO]    \u2705 Found #about element
2025-11-04 16:01:54,122 [INFO]    \u2705 Found about content via ID strategy 1
2025-11-04 16:01:54,122 [INFO] \U0001f50d Attempting comprehensive experience extraction...
2025-11-04 16:01:54,122 [INFO]    Strategy 1: Modern LinkedIn selectors...
2025-11-04 16:01:54,209 [INFO]    \u2705 Found 36 items with selector: .artdeco-list__item
2025-11-04 16:01:54,209 [INFO]    Processing 36 experience items...
2025-11-04 16:01:54,209 [INFO]    Processing experience item 1...
2025-11-04 16:01:54,210 [INFO]      Found company via selector .t-14.t-normal span[aria-hidden="true"]: Full-time · 2 yrs 10 mos
2025-11-04 16:01:54,210 [INFO]    \u2705 Added company: Full
2025-11-04 16:01:54,210 [INFO]    Processing experience item 2...
2025-11-04 16:01:54,211 [INFO]      Found company via selector .t-14.t-normal span[aria-hidden="true"]: India Today · Full-time
2025-11-04 16:01:54,212 [INFO]    \u2705 Added company: India Today
2025-11-04 16:01:54,212 [INFO]    Current company: Full
2025-11-04 16:01:54,212 [INFO]    Previous company: India Today
2025-11-04 16:01:54,216 [INFO] \U0001f4dd Created new CSV file: outputs\improved_profiles.csv
2025-11-04 16:01:54,217 [INFO] \U0001f4be Saved data for: Jaskaran Singh to CSV
2025-11-04 16:01:54,217 [INFO] \u2705 Scraped & Saved: Jaskaran Singh | SDE-2 Livspace | Ex Software Developer at India To...
2025-11-04 16:01:58,174 [INFO] [2/20] Processing: https://in.linkedin.com/in/lakhvir-singh-3158291b3
2025-11-04 16:02:09,356 [INFO] \U0001f50d Attempting comprehensive about extraction...
2025-11-04 16:02:09,358 [INFO]    \u2705 Found #about element
2025-11-04 16:02:09,359 [INFO]    \u2705 Found about content via ID strategy 1
2025-11-04 16:02:09,359 [INFO] \U0001f50d Attempting comprehensive experience extraction...
2025-11-04 16:02:09,360 [INFO]    Strategy 1: Modern LinkedIn selectors...
2025-11-04 16:02:09,430 [INFO]    \u2705 Found 30 items with selector: .artdeco-list__item
2025-11-04 16:02:09,430 [INFO]    Processing 30 experience items...
2025-11-04 16:02:09,430 [INFO]    Processing experience item 1...
2025-11-04 16:02:09,432 [INFO]      Found company via selector .t-14.t-normal span[aria-hidden="true"]: Accenture in India · Full-time
2025-11-04 16:02:09,432 [INFO]    \u2705 Added company: Accenture in India
2025-11-04 16:02:09,432 [INFO]    Processing experience item 2...
2025-11-04 16:02:09,434 [INFO]      Found company via selector .t-14.t-normal span[aria-hidden="true"]: Paras Technologies · Full-time
2025-11-04 16:02:09,434 [INFO]    \u2705 Added company: Paras Technologies
2025-11-04 16:02:09,434 [INFO]    Current company: Accenture in India
2025-11-04 16:02:09,435 [INFO]    Previous company: Paras Technologies
2025-11-04 16:02:09,438 [INFO] \U0001f4be Saved data for: LAKHVIR Singh to CSV
2025-11-04 16:02:09,438 [INFO] \u2705 Scraped & Saved: LAKHVIR Singh | Sr. Application Developer @Accenture india...
2025-11-04 16:02:12,180 [INFO] [3/20] Processing: https://in.linkedin.com/in/shanu-mittal-ba4083104
2025-11-04 16:02:24,922 [INFO] \U0001f50d Attempting comprehensive about extraction...
2025-11-04 16:02:24,926 [INFO]    \u2705 Found #about element
2025-11-04 16:02:24,927 [INFO]    \u2705 Found about content via ID strategy 1
2025-11-04 16:02:24,927 [INFO] \U0001f50d Attempting comprehensive experience extraction...
2025-11-04 16:02:24,928 [INFO]    Strategy 1: Modern LinkedIn selectors...
2025-11-04 16:02:25,074 [INFO]    \u2705 Found 33 items with selector: .artdeco-list__item
2025-11-04 16:02:25,075 [INFO]    Processing 33 experience items...
2025-11-04 16:02:25,075 [INFO]    Processing experience item 1...
2025-11-04 16:02:25,076 [INFO]      Found company via selector .t-14.t-normal span[aria-hidden="true"]: Full-time · 3 yrs 10 mos
2025-11-04 16:02:25,076 [INFO]    \u2705 Added company: Full
2025-11-04 16:02:25,077 [INFO]    Processing experience item 2...
2025-11-04 16:02:25,077 [INFO]      Found company via selector .t-14.t-normal span[aria-hidden="true"]: AJ DEVTECH PRIVATE LIMITED · Full-time
2025-11-04 16:02:25,078 [INFO]    \u2705 Added company: AJ DEVTECH PRIVATE LIMITED
2025-11-04 16:02:25,078 [INFO]    Current company: Full
2025-11-04 16:02:25,078 [INFO]    Previous company: AJ DEVTECH PRIVATE LIMITED
2025-11-04 16:02:25,081 [INFO] \U0001f4be Saved data for: Shanu Mittal to CSV
2025-11-04 16:02:25,082 [INFO] \u2705 Scraped & Saved: Shanu Mittal | Senior Developer at TV Today (India Today || Aaj T...
2025-11-04 16:02:28,718 [INFO] [4/20] Processing: https://in.linkedin.com/in/pushpraj-patel-4006ba18a
2025-11-04 16:02:42,326 [INFO] \U0001f50d Attempting comprehensive about extraction...
2025-11-04 16:02:42,328 [INFO]    \u2705 Found #about element
2025-11-04 16:02:42,329 [INFO]    \u2705 Found about content via ID strategy 1
2025-11-04 16:02:42,329 [INFO] \U0001f50d Attempting comprehensive experience extraction...
2025-11-04 16:02:42,329 [INFO]    Strategy 1: Modern LinkedIn selectors...
2025-11-04 16:02:42,388 [INFO]    \u2705 Found 27 items with selector: .artdeco-list__item
2025-11-04 16:02:42,388 [INFO]    Processing 27 experience items...
2025-11-04 16:02:42,389 [INFO]    Processing experience item 1...
2025-11-04 16:02:42,389 [INFO]      Found company via selector .t-14.t-normal span[aria-hidden="true"]: Honebi Commerce Private Limited · Full-time
2025-11-04 16:02:42,389 [INFO]    \u2705 Added company: Honebi Commerce Private Limited
2025-11-04 16:02:42,390 [INFO]    Processing experience item 2...
2025-11-04 16:02:42,390 [INFO]      Found company via selector .t-14.t-normal span[aria-hidden="true"]: Crazliv Games Private Limited  · Full-time
2025-11-04 16:02:42,390 [INFO]    \u2705 Added company: Crazliv Games Private Limited
2025-11-04 16:02:42,390 [INFO]    Current company: Honebi Commerce Private Limited
2025-11-04 16:02:42,391 [INFO]    Previous company: Crazliv Games Private Limited
2025-11-04 16:02:42,393 [INFO] \U0001f4be Saved data for: Pushpraj Patel to CSV
2025-11-04 16:02:42,393 [INFO] \u2705 Scraped & Saved: Pushpraj Patel | Innovative Software Developer at Honebi Commerce P...
2025-11-04 16:02:46,030 [INFO] [5/20] Processing: https://in.linkedin.com/in/kannan-india-32359a14a
2025-11-04 16:02:59,213 [INFO] \U0001f50d Attempting comprehensive about extraction...
2025-11-04 16:02:59,215 [INFO]    \u2705 Found #about element
2025-11-04 16:02:59,216 [INFO]    \u2705 Found about content via ID strategy 1
2025-11-04 16:02:59,216 [INFO] \U0001f50d Attempting comprehensive experience extraction...
2025-11-04 16:02:59,216 [INFO]    Strategy 1: Modern LinkedIn selectors...
2025-11-04 16:02:59,259 [INFO]    \u2705 Found 22 items with selector: .artdeco-list__item
2025-11-04 16:02:59,259 [INFO]    Processing 22 experience items...
2025-11-04 16:02:59,259 [INFO]    Processing experience item 1...
2025-11-04 16:02:59,260 [INFO]      Found company via selector .t-14.t-normal span[aria-hidden="true"]: Saptang Labs · Full-time
2025-11-04 16:02:59,260 [INFO]    \u2705 Added company: Saptang Labs
2025-11-04 16:02:59,260 [INFO]    Processing experience item 2...
2025-11-04 16:02:59,261 [INFO]      Found company via selector .t-14.t-normal span[aria-hidden="true"]: 1 yr 5 mos
2025-11-04 16:02:59,261 [INFO]    \u2705 Added company: 1 yr 5 mos
2025-11-04 16:02:59,262 [INFO]    Current company: Saptang Labs
2025-11-04 16:02:59,262 [INFO]    Previous company: 1 yr 5 mos
2025-11-04 16:02:59,264 [INFO] \U0001f4be Saved data for: Kannan India to CSV
2025-11-04 16:02:59,264 [INFO] \u2705 Scraped & Saved: Kannan India | Software developer...
2025-11-04 16:03:01,642 [INFO] [6/20] Processing: https://in.linkedin.com/in/pankaj-patel-770647200
2025-11-04 16:03:13,714 [INFO] \U0001f50d Attempting comprehensive about extraction...
2025-11-04 16:03:13,716 [INFO]    \u2705 Found #about element
2025-11-04 16:03:13,717 [INFO]    \u2705 Found about content via ID strategy 1
2025-11-04 16:03:13,717 [INFO] \U0001f50d Attempting comprehensive experience extraction...
2025-11-04 16:03:13,717 [INFO]    Strategy 1: Modern LinkedIn selectors...
2025-11-04 16:03:13,777 [INFO]    \u2705 Found 25 items with selector: .artdeco-list__item
2025-11-04 16:03:13,777 [INFO]    Processing 25 experience items...
2025-11-04 16:03:13,778 [INFO]    Processing experience item 1...
2025-11-04 16:03:13,779 [INFO]      Found company via selector .t-14.t-normal span[aria-hidden="true"]: Procurant · Full-time
2025-11-04 16:03:13,779 [INFO]    \u2705 Added company: Procurant
2025-11-04 16:03:13,779 [INFO]    Processing experience item 2...
2025-11-04 16:03:13,780 [INFO]      Found company via selector .t-14.t-normal span[aria-hidden="true"]: Bachelor of Engineering - BE, Computer Science
2025-11-04 16:03:13,780 [INFO]    \u2705 Added company: Bachelor of Engineering
2025-11-04 16:03:13,780 [INFO]    Current company: Procurant
2025-11-04 16:03:13,781 [INFO]    Previous company: Bachelor of Engineering
2025-11-04 16:03:13,784 [INFO] \U0001f4be Saved data for: pankaj patel to CSV
2025-11-04 16:03:13,784 [INFO] \u2705 Scraped & Saved: pankaj patel | Software developer, @Procurant It India Pvt ltd.  ...
2025-11-04 16:03:16,374 [INFO] [7/20] Processing: https://in.linkedin.com/in/devender-choudhary-4621bb7b
2025-11-04 16:03:29,176 [INFO] \U0001f50d Attempting comprehensive about extraction...
2025-11-04 16:03:29,179 [INFO]    \u2705 Found #about element
2025-11-04 16:03:29,181 [INFO]    \u2705 Found about content via ID strategy 1
2025-11-04 16:03:29,181 [INFO] \U0001f50d Attempting comprehensive experience extraction...
2025-11-04 16:03:29,181 [INFO]    Strategy 1: Modern LinkedIn selectors...
2025-11-04 16:03:29,249 [INFO]    \u2705 Found 25 items with selector: .artdeco-list__item
2025-11-04 16:03:29,250 [INFO]    Processing 25 experience items...
2025-11-04 16:03:29,250 [INFO]    Processing experience item 1...
2025-11-04 16:03:29,250 [INFO]      Found company via selector .t-14.t-normal span[aria-hidden="true"]: Full-time · 3 yrs 7 mos
2025-11-04 16:03:29,251 [INFO]    \u2705 Added company: Full
2025-11-04 16:03:29,251 [INFO]    Processing experience item 2...
2025-11-04 16:03:29,251 [INFO]      Found company via selector .t-14.t-normal span[aria-hidden="true"]: Medtronic · Full-time
2025-11-04 16:03:29,252 [INFO]    \u2705 Added company: Medtronic
2025-11-04 16:03:29,252 [INFO]    Current company: Full
2025-11-04 16:03:29,253 [INFO]    Previous company: Medtronic
2025-11-04 16:03:29,255 [INFO] \U0001f4be Saved data for: Devender choudhary to CSV
2025-11-04 16:03:29,255 [INFO] \u2705 Scraped & Saved: Devender choudhary | Principal Software Developer at Hexagon Capability...
2025-11-04 16:03:31,992 [INFO] [8/20] Processing: https://in.linkedin.com/in/imdeepraj
2025-11-04 16:03:44,179 [INFO] \U0001f50d Attempting comprehensive about extraction...
2025-11-04 16:03:44,181 [INFO]    \u2705 Found #about element
2025-11-04 16:03:44,182 [INFO]    \u2705 Found about content via ID strategy 1
2025-11-04 16:03:44,182 [INFO] \U0001f50d Attempting comprehensive experience extraction...
2025-11-04 16:03:44,182 [INFO]    Strategy 1: Modern LinkedIn selectors...
2025-11-04 16:03:44,253 [INFO]    \u2705 Found 36 items with selector: .artdeco-list__item
2025-11-04 16:03:44,253 [INFO]    Processing 36 experience items...
2025-11-04 16:03:44,253 [INFO]    Processing experience item 1...
2025-11-04 16:03:44,254 [INFO]      Found company via selector .t-14.t-normal span[aria-hidden="true"]: Globant in India · Full-time
2025-11-04 16:03:44,254 [INFO]    \u2705 Added company: Globant in India
2025-11-04 16:03:44,255 [INFO]    Processing experience item 2...
2025-11-04 16:03:44,255 [INFO]      Found company via selector .t-14.t-normal span[aria-hidden="true"]: NeoSOFT · Full-time
2025-11-04 16:03:44,255 [INFO]    \u2705 Added company: NeoSOFT
2025-11-04 16:03:44,255 [INFO]    Current company: Globant in India
2025-11-04 16:03:44,256 [INFO]    Previous company: NeoSOFT
2025-11-04 16:03:44,257 [INFO] \U0001f4be Saved data for: Deep Raj to CSV
2025-11-04 16:03:44,258 [INFO] \u2705 Scraped & Saved: Deep Raj | Senior Android Developer at Globant—Building Innov...
2025-11-04 16:03:47,497 [INFO] [9/20] Processing: https://in.linkedin.com/in/mukesh-hembrom-a6a702134
2025-11-04 16:04:02,894 [INFO] \U0001f50d Attempting comprehensive about extraction...
2025-11-04 16:04:02,902 [INFO]    \u2705 Found #about element
2025-11-04 16:04:02,903 [INFO]    \u2705 Found about content via ID strategy 1
2025-11-04 16:04:02,904 [INFO] \U0001f50d Attempting comprehensive experience extraction...
2025-11-04 16:04:02,905 [INFO]    Strategy 1: Modern LinkedIn selectors...
2025-11-04 16:04:03,140 [INFO]    \u2705 Found 31 items with selector: .artdeco-list__item
2025-11-04 16:04:03,141 [INFO]    Processing 31 experience items...
2025-11-04 16:04:03,142 [INFO]    Processing experience item 1...
2025-11-04 16:04:03,143 [INFO]      Found company via selector .t-14.t-normal span[aria-hidden="true"]: 7 yrs 5 mos
2025-11-04 16:04:03,144 [INFO]    \u2705 Added company: 7 yrs 5 mos
2025-11-04 16:04:03,145 [INFO]    Processing experience item 2...
2025-11-04 16:04:03,148 [INFO]      Found company via selector .t-14.t-normal span[aria-hidden="true"]: Reliance Jio
2025-11-04 16:04:03,149 [INFO]    \u2705 Added company: Reliance Jio
2025-11-04 16:04:03,150 [INFO]    Current company: 7 yrs 5 mos
2025-11-04 16:04:03,151 [INFO]    Previous company: Reliance Jio
2025-11-04 16:04:03,159 [INFO] \U0001f4be Saved data for: Mukesh Hembrom to CSV
2025-11-04 16:04:03,159 [INFO] \u2705 Scraped & Saved: Mukesh Hembrom | iOS developer, HSBC India...
2025-11-04 16:04:07,114 [INFO] [10/20] Processing: https://www.linkedin.com/in/gaganmahajan3/
2025-11-04 16:04:21,048 [INFO] \U0001f50d Attempting comprehensive about extraction...
2025-11-04 16:04:21,056 [INFO]    \u2705 Found #about element
2025-11-04 16:04:21,060 [INFO]    \u2705 Found about content via ID strategy 1
2025-11-04 16:04:21,060 [INFO] \U0001f50d Attempting comprehensive experience extraction...
2025-11-04 16:04:21,079 [INFO]    Strategy 1: Modern LinkedIn selectors...
2025-11-04 16:04:21,272 [INFO]    \u2705 Found 45 items with selector: .artdeco-list__item
2025-11-04 16:04:21,273 [INFO]    Processing 45 experience items...
2025-11-04 16:04:21,273 [INFO]    Processing experience item 1...
2025-11-04 16:04:21,274 [INFO]      Found company via selector .t-14.t-normal span[aria-hidden="true"]: Full-time · 5 yrs 4 mos
2025-11-04 16:04:21,274 [INFO]    \u2705 Added company: Full
2025-11-04 16:04:21,275 [INFO]    Processing experience item 2...
2025-11-04 16:04:21,276 [INFO]      Found company via selector .t-14.t-normal span[aria-hidden="true"]: 2 yrs 2 mos
2025-11-04 16:04:21,277 [INFO]    \u2705 Added company: 2 yrs 2 mos
2025-11-04 16:04:21,277 [INFO]    Current company: Full
2025-11-04 16:04:21,278 [INFO]    Previous company: 2 yrs 2 mos
2025-11-04 16:04:21,282 [INFO] \U0001f4be Saved data for: Gagan Mahajan to CSV
2025-11-04 16:04:21,283 [INFO] \u2705 Scraped & Saved: Gagan Mahajan | Director - Product @ Meesho | Ads & Monetisation |...
2025-11-04 16:04:24,395 [INFO] [11/20] Processing: https://www.linkedin.com/in/vidhisharma-
2025-11-04 16:04:36,308 [INFO] \U0001f50d Attempting comprehensive about extraction...
2025-11-04 16:04:36,310 [INFO]    \u2705 Found #about element
2025-11-04 16:04:36,311 [INFO]    \u2705 Found about content via ID strategy 1
2025-11-04 16:04:36,311 [INFO] \U0001f50d Attempting comprehensive experience extraction...
2025-11-04 16:04:36,311 [INFO]    Strategy 1: Modern LinkedIn selectors...
2025-11-04 16:04:36,363 [INFO]    \u2705 Found 30 items with selector: .artdeco-list__item
2025-11-04 16:04:36,363 [INFO]    Processing 30 experience items...
2025-11-04 16:04:36,363 [INFO]    Processing experience item 1...
2025-11-04 16:04:36,364 [INFO]      Found company via selector .t-14.t-normal span[aria-hidden="true"]: American Technology Consulting - ATC · Full-time
2025-11-04 16:04:36,364 [INFO]    \u2705 Added company: American Technology Consulting
2025-11-04 16:04:36,364 [INFO]    Processing experience item 2...
2025-11-04 16:04:36,364 [INFO]      Found company via selector .t-14.t-normal span[aria-hidden="true"]: CCC Intelligent Solutions · Full-time
2025-11-04 16:04:36,365 [INFO]    \u2705 Added company: CCC Intelligent Solutions
2025-11-04 16:04:36,365 [INFO]    Current company: American Technology Consulting
2025-11-04 16:04:36,365 [INFO]    Previous company: CCC Intelligent Solutions
2025-11-04 16:04:36,368 [INFO] \U0001f4be Saved data for: vidhi sharma to CSV
2025-11-04 16:04:36,368 [INFO] \u2705 Scraped & Saved: vidhi sharma | Data Analyst| Go-Getter...
2025-11-04 16:04:38,449 [INFO] [12/20] Processing: https://www.linkedin.com/in/vishnu-datta-229b8497/
2025-11-04 16:04:48,933 [INFO] \U0001f50d Attempting comprehensive about extraction...
2025-11-04 16:04:48,936 [INFO]    \u2705 Found #about element
2025-11-04 16:04:48,937 [INFO]    \u2705 Found about content via ID strategy 1
2025-11-04 16:04:48,937 [INFO] \U0001f50d Attempting comprehensive experience extraction...
2025-11-04 16:04:48,938 [INFO]    Strategy 1: Modern LinkedIn selectors...
2025-11-04 16:04:49,023 [INFO]    \u2705 Found 34 items with selector: .artdeco-list__item
2025-11-04 16:04:49,023 [INFO]    Processing 34 experience items...
2025-11-04 16:04:49,023 [INFO]    Processing experience item 1...
2025-11-04 16:04:49,024 [INFO]      Found company via selector .t-14.t-normal span[aria-hidden="true"]: Full-time · 4 yrs 6 mos
2025-11-04 16:04:49,024 [INFO]    \u2705 Added company: Full
2025-11-04 16:04:49,024 [INFO]    Processing experience item 2...
2025-11-04 16:04:49,025 [INFO]      Found company via selector .t-14.t-normal span[aria-hidden="true"]: WorkIndia · Full-time
2025-11-04 16:04:49,026 [INFO]    \u2705 Added company: WorkIndia
2025-11-04 16:04:49,026 [INFO]    Current company: Full
2025-11-04 16:04:49,026 [INFO]    Previous company: WorkIndia
2025-11-04 16:04:49,028 [INFO] \U0001f4be Saved data for: Vishnu Datta to CSV
2025-11-04 16:04:49,029 [INFO] \u2705 Scraped & Saved: Vishnu Datta | Product at Meesho...
2025-11-04 16:04:52,216 [INFO] [13/20] Processing: https://in.linkedin.com/in/powerfist01
2025-11-04 16:05:03,609 [INFO] \U0001f50d Attempting comprehensive about extraction...
2025-11-04 16:05:03,611 [INFO]    \u2705 Found #about element
2025-11-04 16:05:03,612 [INFO]    \u2705 Found about content via ID strategy 1
2025-11-04 16:05:03,612 [INFO] \U0001f50d Attempting comprehensive experience extraction...
2025-11-04 16:05:03,612 [INFO]    Strategy 1: Modern LinkedIn selectors...
2025-11-04 16:05:03,683 [INFO]    \u2705 Found 35 items with selector: .artdeco-list__item
2025-11-04 16:05:03,683 [INFO]    Processing 35 experience items...
2025-11-04 16:05:03,683 [INFO]    Processing experience item 1...
2025-11-04 16:05:03,684 [INFO]      Found company via selector .t-14.t-normal span[aria-hidden="true"]: Full-time · 5 yrs 6 mos
2025-11-04 16:05:03,685 [INFO]    \u2705 Added company: Full
2025-11-04 16:05:03,685 [INFO]    Processing experience item 2...
2025-11-04 16:05:03,685 [INFO]      Found company via selector .t-14.t-normal span[aria-hidden="true"]: Flick2Know · Internship
2025-11-04 16:05:03,686 [INFO]    \u2705 Added company: Flick2Know
2025-11-04 16:05:03,686 [INFO]    Current company: Full
2025-11-04 16:05:03,686 [INFO]    Previous company: Flick2Know
2025-11-04 16:05:03,688 [INFO] \U0001f4be Saved data for: Sujeet Singh to CSV
2025-11-04 16:05:03,689 [INFO] \u2705 Scraped & Saved: Sujeet Singh | Senior Software Developer | Full Stack Developer...
2025-11-04 16:05:07,162 [INFO] [14/20] Processing: https://in.linkedin.com/in/mjmadhu
2025-11-04 16:05:24,242 [INFO] \U0001f50d Attempting comprehensive about extraction...
2025-11-04 16:05:24,245 [INFO]    \u2705 Found #about element
2025-11-04 16:05:24,247 [INFO]    \u2705 Found about content via ID strategy 1
2025-11-04 16:05:24,247 [INFO] \U0001f50d Attempting comprehensive experience extraction...
2025-11-04 16:05:24,248 [INFO]    Strategy 1: Modern LinkedIn selectors...
2025-11-04 16:05:24,362 [INFO]    \u2705 Found 40 items with selector: .artdeco-list__item
2025-11-04 16:05:24,362 [INFO]    Processing 40 experience items...
2025-11-04 16:05:24,362 [INFO]    Processing experience item 1...
2025-11-04 16:05:24,363 [INFO]      Found company via selector .t-14.t-normal span[aria-hidden="true"]: Full-time · 5 yrs 8 mos
2025-11-04 16:05:24,363 [INFO]    \u2705 Added company: Full
2025-11-04 16:05:24,363 [INFO]    Processing experience item 2...
2025-11-04 16:05:24,364 [INFO]      Found company via selector .t-14.t-normal span[aria-hidden="true"]: Full-time · 3 yrs 7 mos
2025-11-04 16:05:24,365 [INFO]    Processing experience item 3...
2025-11-04 16:05:24,365 [INFO]      Found company via selector .t-14.t-normal span[aria-hidden="true"]: Snapdeal · Full-time
2025-11-04 16:05:24,365 [INFO]    \u2705 Added company: Snapdeal
2025-11-04 16:05:24,366 [INFO]    Current company: Full
2025-11-04 16:05:24,366 [INFO]    Previous company: Snapdeal
2025-11-04 16:05:24,368 [INFO] \U0001f4be Saved data for: Madhuri Jain to CSV
2025-11-04 16:05:24,369 [INFO] \u2705 Scraped & Saved: Madhuri Jain | Senior Software Engineer @ Microsoft (Full Stack D...
2025-11-04 16:05:26,663 [INFO] [15/20] Processing: https://in.linkedin.com/in/ritesh-kumar-sinha-897735101
2025-11-04 16:05:39,624 [INFO] \U0001f50d Attempting comprehensive about extraction...
2025-11-04 16:05:39,626 [INFO]    \u2705 Found #about element
2025-11-04 16:05:39,627 [INFO]    \u2705 Found about content via ID strategy 1
2025-11-04 16:05:39,627 [INFO] \U0001f50d Attempting comprehensive experience extraction...
2025-11-04 16:05:39,628 [INFO]    Strategy 1: Modern LinkedIn selectors...
2025-11-04 16:05:39,715 [INFO]    \u2705 Found 41 items with selector: .artdeco-list__item
2025-11-04 16:05:39,715 [INFO]    Processing 41 experience items...
2025-11-04 16:05:39,716 [INFO]    Processing experience item 1...
2025-11-04 16:05:39,716 [INFO]      Found company via selector .t-14.t-normal span[aria-hidden="true"]: W3 SaaS Technologies Ltd. · Full-time
2025-11-04 16:05:39,716 [INFO]    \u2705 Added company: W3 SaaS Technologies Ltd.
2025-11-04 16:05:39,716 [INFO]    Processing experience item 2...
2025-11-04 16:05:39,717 [INFO]      Found company via selector .t-14.t-normal span[aria-hidden="true"]: Idyllic Software · Full-time
2025-11-04 16:05:39,717 [INFO]    \u2705 Added company: Idyllic Software
2025-11-04 16:05:39,718 [INFO]    Current company: W3 SaaS Technologies Ltd.
2025-11-04 16:05:39,718 [INFO]    Previous company: Idyllic Software
2025-11-04 16:05:39,720 [INFO] \U0001f4be Saved data for: Ritesh Kumar Sinha to CSV
2025-11-04 16:05:39,720 [INFO] \u2705 Scraped & Saved: Ritesh Kumar Sinha | Software Developer at W3 SaaS Technologies Ltd....
2025-11-04 16:05:43,244 [INFO] [16/20] Processing: https://in.linkedin.com/in/abhishree-sharma-63090814a
2025-11-04 16:05:55,006 [INFO] \U0001f50d Attempting comprehensive about extraction...
2025-11-04 16:05:55,008 [INFO]    \u2705 Found #about element
2025-11-04 16:05:55,009 [INFO]    \u2705 Found about content via ID strategy 1
2025-11-04 16:05:55,009 [INFO] \U0001f50d Attempting comprehensive experience extraction...
2025-11-04 16:05:55,009 [INFO]    Strategy 1: Modern LinkedIn selectors...
2025-11-04 16:05:55,070 [INFO]    \u2705 Found 39 items with selector: .artdeco-list__item
2025-11-04 16:05:55,070 [INFO]    Processing 39 experience items...
2025-11-04 16:05:55,070 [INFO]    Processing experience item 1...
2025-11-04 16:05:55,071 [INFO]      Found company via selector .t-14.t-normal span[aria-hidden="true"]: IBM · Full-time
2025-11-04 16:05:55,071 [INFO]    \u2705 Added company: IBM
2025-11-04 16:05:55,071 [INFO]    Processing experience item 2...
2025-11-04 16:05:55,072 [INFO]      Found company via selector .t-14.t-normal span[aria-hidden="true"]: Full-time · 1 yr 5 mos
2025-11-04 16:05:55,072 [INFO]    \u2705 Added company: Full
2025-11-04 16:05:55,072 [INFO]    Current company: IBM
2025-11-04 16:05:55,072 [INFO]    Previous company: Full
2025-11-04 16:05:55,074 [INFO] \U0001f4be Saved data for: Abhishree Sharma to CSV
2025-11-04 16:05:55,074 [INFO] \u2705 Scraped & Saved: Abhishree Sharma | Software Developer @ India Software Labs | Bachelo...
2025-11-04 16:05:58,139 [INFO] [17/20] Processing: https://in.linkedin.com/in/shivam-garg-676686217
2025-11-04 16:06:10,465 [INFO] \U0001f50d Attempting comprehensive about extraction...
2025-11-04 16:06:10,467 [INFO]    \u2705 Found #about element
2025-11-04 16:06:10,468 [INFO]    \u2705 Found about content via ID strategy 1
2025-11-04 16:06:10,468 [INFO] \U0001f50d Attempting comprehensive experience extraction...
2025-11-04 16:06:10,469 [INFO]    Strategy 1: Modern LinkedIn selectors...
2025-11-04 16:06:10,531 [INFO]    \u2705 Found 32 items with selector: .artdeco-list__item
2025-11-04 16:06:10,532 [INFO]    Processing 32 experience items...
2025-11-04 16:06:10,532 [INFO]    Processing experience item 1...
2025-11-04 16:06:10,532 [INFO]      Found company via selector .t-14.t-normal span[aria-hidden="true"]: 2 yrs 5 mos
2025-11-04 16:06:10,532 [INFO]    \u2705 Added company: 2 yrs 5 mos
2025-11-04 16:06:10,533 [INFO]    Processing experience item 2...
2025-11-04 16:06:10,534 [INFO]      Found company via selector .t-14.t-normal span[aria-hidden="true"]: EmpowerYouth.com · Internship
2025-11-04 16:06:10,534 [INFO]    \u2705 Added company: EmpowerYouth.com
2025-11-04 16:06:10,534 [INFO]    Current company: 2 yrs 5 mos
2025-11-04 16:06:10,534 [INFO]    Previous company: EmpowerYouth.com
2025-11-04 16:06:10,536 [INFO] \U0001f4be Saved data for: Shivam Garg to CSV
2025-11-04 16:06:10,536 [INFO] \u2705 Scraped & Saved: Shivam Garg | Research Engineer (C\\u200bC++ Developer) @LG| Android ...
2025-11-04 16:06:13,388 [INFO] [18/20] Processing: https://in.linkedin.com/in/thevipulvats
2025-11-04 16:06:25,861 [INFO] \U0001f50d Attempting comprehensive about extraction...
2025-11-04 16:06:25,863 [INFO]    \u2705 Found #about element
2025-11-04 16:06:25,863 [INFO]    \u2705 Found about content via ID strategy 1
2025-11-04 16:06:25,863 [INFO] \U0001f50d Attempting comprehensive experience extraction...
2025-11-04 16:06:25,864 [INFO]    Strategy 1: Modern LinkedIn selectors...
2025-11-04 16:06:25,957 [INFO]    \u2705 Found 17 items with selector: .artdeco-list__item
2025-11-04 16:06:25,957 [INFO]    Processing 17 experience items...
2025-11-04 16:06:25,957 [INFO]    Processing experience item 1...
2025-11-04 16:06:25,958 [INFO]      Found company via selector .t-14.t-normal span[aria-hidden="true"]: Full-time · 3 yrs 4 mos
2025-11-04 16:06:25,958 [INFO]    \u2705 Added company: Full
2025-11-04 16:06:25,958 [INFO]    Processing experience item 2...
2025-11-04 16:06:25,959 [INFO]      Found company via selector .t-14.t-normal span[aria-hidden="true"]: Gaana · Full-time
2025-11-04 16:06:25,959 [INFO]    \u2705 Added company: Gaana
2025-11-04 16:06:25,959 [INFO]    Current company: Full
2025-11-04 16:06:25,959 [INFO]    Previous company: Gaana
2025-11-04 16:06:25,961 [INFO] \U0001f4be Saved data for: Vipul Tyagi to CSV
2025-11-04 16:06:25,961 [INFO] \u2705 Scraped & Saved: Vipul Tyagi | Senior Software Developer at TOI...
2025-11-04 16:06:29,756 [INFO] [19/20] Processing: https://in.linkedin.com/in/developerrahul
2025-11-04 16:06:41,250 [INFO] \U0001f50d Attempting comprehensive about extraction...
2025-11-04 16:06:41,252 [INFO]    \u2705 Found #about element
2025-11-04 16:06:41,252 [INFO]    \u2705 Found about content via ID strategy 1
2025-11-04 16:06:41,252 [INFO] \U0001f50d Attempting comprehensive experience extraction...
2025-11-04 16:06:41,252 [INFO]    Strategy 1: Modern LinkedIn selectors...
2025-11-04 16:06:41,316 [INFO]    \u2705 Found 22 items with selector: .artdeco-list__item
2025-11-04 16:06:41,316 [INFO]    Processing 22 experience items...
2025-11-04 16:06:41,316 [INFO]    Processing experience item 1...
2025-11-04 16:06:41,317 [INFO]      Found company via selector .t-14.t-normal span[aria-hidden="true"]: Web Design • Android Development • Application Development • Cloud Application Development • Database Development • Mobile Application Development • Web Development • iOS Development • Business Analytics • Custom Software Development
2025-11-04 16:06:41,318 [INFO]    \u2705 Added company: Web Design
2025-11-04 16:06:41,318 [INFO]    Processing experience item 2...
2025-11-04 16:06:41,319 [INFO]      Found company via selector .t-14.t-normal span[aria-hidden="true"]: Codepopers Technologies · Full-time
2025-11-04 16:06:41,319 [INFO]    \u2705 Added company: Codepopers Technologies
2025-11-04 16:06:41,319 [INFO]    Current company: Web Design
2025-11-04 16:06:41,319 [INFO]    Previous company: Codepopers Technologies
2025-11-04 16:06:41,322 [INFO] \U0001f4be Saved data for: Rahul Sahni to CSV
2025-11-04 16:06:41,322 [INFO] \u2705 Scraped & Saved: Rahul Sahni | Full Stack Developer | Computer Science Graduate...
2025-11-04 16:06:43,901 [INFO] [20/20] Processing: https://in.linkedin.com/in/rajendrasingh9554043123
2025-11-04 16:06:55,081 [INFO] \U0001f50d Attempting comprehensive about extraction...
2025-11-04 16:06:55,083 [INFO]    \u2705 Found #about element
2025-11-04 16:06:55,084 [INFO]    \u2705 Found about content via ID strategy 1
2025-11-04 16:06:55,085 [INFO] \U0001f50d Attempting comprehensive experience extraction...
2025-11-04 16:06:55,085 [INFO]    Strategy 1: Modern LinkedIn selectors...
2025-11-04 16:06:55,147 [INFO]    \u2705 Found 35 items with selector: .artdeco-list__item
2025-11-04 16:06:55,147 [INFO]    Processing 35 experience items...
2025-11-04 16:06:55,147 [INFO]    Processing experience item 1...
2025-11-04 16:06:55,148 [INFO]      Found company via selector .t-14.t-normal span[aria-hidden="true"]: MAT INDIA TECHNOLOGIES PRIVATE LIMITED · Full-time
2025-11-04 16:06:55,148 [INFO]    \u2705 Added company: MAT INDIA TECHNOLOGIES PRIVATE LIMITED
2025-11-04 16:06:55,148 [INFO]    Processing experience item 2...
2025-11-04 16:06:55,149 [INFO]      Found company via selector .t-14.t-normal span[aria-hidden="true"]: Double Klick Designs · Full-time
2025-11-04 16:06:55,149 [INFO]    \u2705 Added company: Double Klick Designs
2025-11-04 16:06:55,150 [INFO]    Current company: MAT INDIA TECHNOLOGIES PRIVATE LIMITED
2025-11-04 16:06:55,150 [INFO]    Previous company: Double Klick Designs
2025-11-04 16:06:55,151 [INFO] \U0001f4be Saved data for: Rajendra Singh Raghuvanshi to CSV
2025-11-04 16:06:55,152 [INFO] \u2705 Scraped & Saved: Rajendra Singh Raghuvanshi | Software Developer at MAT India Technologies Priva...
2025-11-04 16:07:01,304 [INFO] \U0001f389 Scraping completed!
2025-11-04 16:07:01,304 [INFO]    Total profiles processed: 20
2025-11-04 16:07:01,304 [INFO]    \u2705 Successful: 20
2025-11-04 16:07:01,304 [INFO]    \u274c Failed: 0
2025-11-04 16:07:01,305 [INFO]    \U0001f4c4 Results saved to: outputs\improved_profiles.csv
